<?xml version="1.0" encoding="UTF-8"?>
<!-- Generated by org.testng.reporters.JUnitReportReporter -->
<testsuite skipped="0" hostname="HMECL003889" name="getRequest.POST_requestMethod" tests="1" failures="0" timestamp="2021-04-27T14:41:34 IST" time="3.621" errors="0">
  <testcase name="postreqest" time="3.621" classname="getRequest.POST_requestMethod"/>
  <system-out/>
</testsuite> <!-- getRequest.POST_requestMethod -->
