<?xml version="1.0" encoding="UTF-8"?>
<!-- Generated by org.testng.reporters.JUnitReportReporter -->
<testsuite skipped="0" hostname="HMECL003889" name="testScripts.LoginMethods" tests="1" failures="0" timestamp="2021-04-26T15:45:19 IST" time="8.769" errors="0">
  <testcase name="loginofGitHub" time="8.769" classname="testScripts.LoginMethods"/>
  <system-out/>
</testsuite> <!-- testScripts.LoginMethods -->
